build/app/intermediates/manifest_merge_blame_file/debug/manifest-merger-blame-debug-report.txt
1<?xml version="1.0" encoding="utf-8"?>
2<manifest xmlns:android="http://schemas.android.com/apk/res/android"
3    package="com.example.tvnet"
4    android:versionCode="1"
5    android:versionName="1.0.0" >
6
7    <uses-sdk
8        android:minSdkVersion="19"
9        android:targetSdkVersion="31" />
10    <!--
11         The INTERNET permission is required for development. Specifically,
12         the Flutter tool needs it to communicate with the running application
13         to allow setting breakpoints, to provide hot reload, etc.
14    -->
15    <uses-permission android:name="android.permission.INTERNET" />
15-->src\debug\AndroidManifest.xml:7:5-66
15-->src\debug\AndroidManifest.xml:7:22-64
16    <uses-permission android:name="android.permission.ACCESS_NETWORK_STATE" />
16-->[com.google.firebase:firebase-auth:21.0.6] AndroidManifest.xml:24:5-79
16-->[com.google.firebase:firebase-auth:21.0.6] AndroidManifest.xml:24:22-76
17    <uses-permission android:name="android.permission.WAKE_LOCK" />
17-->[com.google.android.gms:play-services-measurement-api:21.0.0] AndroidManifest.xml:24:5-68
17-->[com.google.android.gms:play-services-measurement-api:21.0.0] AndroidManifest.xml:24:22-65
18    <uses-permission android:name="com.google.android.gms.permission.AD_ID" />
18-->[com.google.android.gms:play-services-measurement-api:21.0.0] AndroidManifest.xml:25:5-79
18-->[com.google.android.gms:play-services-measurement-api:21.0.0] AndroidManifest.xml:25:22-76
19    <uses-permission android:name="com.google.android.finsky.permission.BIND_GET_INSTALL_REFERRER_SERVICE" />
19-->[com.google.android.gms:play-services-measurement:21.0.0] AndroidManifest.xml:26:5-110
19-->[com.google.android.gms:play-services-measurement:21.0.0] AndroidManifest.xml:26:22-107
20
21    <queries>
21-->[com.razorpay:checkout:1.6.19] AndroidManifest.xml:11:5-37:15
22        <intent>
22-->[com.razorpay:checkout:1.6.19] AndroidManifest.xml:12:9-18:18
23            <action android:name="android.intent.action.VIEW" />
23-->[com.google.firebase:firebase-auth:21.0.6] AndroidManifest.xml:34:17-69
23-->[com.google.firebase:firebase-auth:21.0.6] AndroidManifest.xml:34:25-66
24
25            <data
25-->[com.google.firebase:firebase-auth:21.0.6] AndroidManifest.xml:39:17-42:51
26                android:mimeType="*/*"
27                android:scheme="*" />
27-->[com.google.firebase:firebase-auth:21.0.6] AndroidManifest.xml:42:21-48
28        </intent>
29        <intent>
29-->[com.razorpay:checkout:1.6.19] AndroidManifest.xml:19:9-28:18
30            <action android:name="android.intent.action.VIEW" />
30-->[com.google.firebase:firebase-auth:21.0.6] AndroidManifest.xml:34:17-69
30-->[com.google.firebase:firebase-auth:21.0.6] AndroidManifest.xml:34:25-66
31
32            <category android:name="android.intent.category.BROWSABLE" />
32-->[com.google.firebase:firebase-auth:21.0.6] AndroidManifest.xml:37:17-78
32-->[com.google.firebase:firebase-auth:21.0.6] AndroidManifest.xml:37:27-75
33
34            <data
34-->[com.google.firebase:firebase-auth:21.0.6] AndroidManifest.xml:39:17-42:51
35                android:host="pay"
35-->[com.google.firebase:firebase-auth:21.0.6] AndroidManifest.xml:40:21-49
36                android:mimeType="*/*"
37                android:scheme="upi" />
37-->[com.google.firebase:firebase-auth:21.0.6] AndroidManifest.xml:42:21-48
38        </intent>
39        <intent>
39-->[com.razorpay:checkout:1.6.19] AndroidManifest.xml:29:9-31:18
40            <action android:name="android.intent.action.MAIN" />
40-->[com.razorpay:checkout:1.6.19] AndroidManifest.xml:30:13-65
40-->[com.razorpay:checkout:1.6.19] AndroidManifest.xml:30:21-62
41        </intent>
42        <intent>
42-->[com.razorpay:checkout:1.6.19] AndroidManifest.xml:32:9-36:18
43            <action android:name="android.intent.action.SEND" />
43-->[com.razorpay:checkout:1.6.19] AndroidManifest.xml:33:13-65
43-->[com.razorpay:checkout:1.6.19] AndroidManifest.xml:33:21-62
44
45            <data android:mimeType="*/*" />
45-->[com.google.firebase:firebase-auth:21.0.6] AndroidManifest.xml:39:17-42:51
46        </intent>
47    </queries>
48
49    <uses-feature
49-->[com.google.android.gms:play-services-maps:17.0.0] AndroidManifest.xml:26:5-28:35
50        android:glEsVersion="0x00020000"
50-->[com.google.android.gms:play-services-maps:17.0.0] AndroidManifest.xml:27:9-41
51        android:required="true" />
51-->[com.google.android.gms:play-services-maps:17.0.0] AndroidManifest.xml:28:9-32
52
53    <application
54        android:name="android.app.Application"
55        android:appComponentFactory="androidx.core.app.CoreComponentFactory"
55-->[androidx.core:core:1.6.0] AndroidManifest.xml:24:18-86
56        android:debuggable="true"
57        android:icon="@mipmap/ic_launcher"
58        android:label="tvnet" >
59        <activity
60            android:name="com.example.tvnet.MainActivity"
61            android:configChanges="orientation|keyboardHidden|keyboard|screenSize|smallestScreenSize|locale|layoutDirection|fontScale|screenLayout|density|uiMode"
62            android:exported="true"
63            android:hardwareAccelerated="true"
64            android:launchMode="singleTop"
65            android:theme="@style/LaunchTheme"
66            android:windowSoftInputMode="adjustResize" >
67
68            <!--
69                 Specifies an Android theme to apply to this Activity as soon as
70                 the Android process has started. This theme is visible to the user
71                 while the Flutter UI initializes. After that, this theme continues
72                 to determine the Window background behind the Flutter UI.
73            -->
74            <meta-data
75                android:name="io.flutter.embedding.android.NormalTheme"
76                android:resource="@style/NormalTheme" />
77
78            <intent-filter>
79                <action android:name="android.intent.action.MAIN" />
79-->[com.razorpay:checkout:1.6.19] AndroidManifest.xml:30:13-65
79-->[com.razorpay:checkout:1.6.19] AndroidManifest.xml:30:21-62
80
81                <category android:name="android.intent.category.LAUNCHER" />
82            </intent-filter>
83        </activity>
84        <!--
85             Don't delete the meta-data below.
86             This is used by the Flutter tool to generate GeneratedPluginRegistrant.java
87        -->
88        <meta-data
89            android:name="flutterEmbedding"
90            android:value="2" />
91
92        <service
92-->[:firebase_auth] AndroidManifest.xml:10:9-14:19
93            android:name="com.google.firebase.components.ComponentDiscoveryService"
93-->[:firebase_auth] AndroidManifest.xml:10:18-89
94            android:directBootAware="true"
94-->[com.google.firebase:firebase-common:20.1.1] AndroidManifest.xml:35:13-43
95            android:exported="false" >
95-->[com.google.firebase:firebase-auth:21.0.6] AndroidManifest.xml:66:13-37
96            <meta-data
96-->[:firebase_auth] AndroidManifest.xml:11:13-13:85
97                android:name="com.google.firebase.components:io.flutter.plugins.firebase.auth.FlutterFirebaseAuthRegistrar"
97-->[:firebase_auth] AndroidManifest.xml:12:17-124
98                android:value="com.google.firebase.components.ComponentRegistrar" />
98-->[:firebase_auth] AndroidManifest.xml:13:17-82
99            <meta-data
99-->[:cloud_firestore] AndroidManifest.xml:11:13-13:85
100                android:name="com.google.firebase.components:io.flutter.plugins.firebase.firestore.FlutterFirebaseFirestoreRegistrar"
100-->[:cloud_firestore] AndroidManifest.xml:12:17-134
101                android:value="com.google.firebase.components.ComponentRegistrar" />
101-->[:cloud_firestore] AndroidManifest.xml:13:17-82
102            <meta-data
102-->[:firebase_core] AndroidManifest.xml:11:13-13:85
103                android:name="com.google.firebase.components:io.flutter.plugins.firebase.core.FlutterFirebaseCoreRegistrar"
103-->[:firebase_core] AndroidManifest.xml:12:17-124
104                android:value="com.google.firebase.components.ComponentRegistrar" />
104-->[:firebase_core] AndroidManifest.xml:13:17-82
105            <meta-data
105-->[com.google.firebase:firebase-auth:21.0.6] AndroidManifest.xml:67:13-69:85
106                android:name="com.google.firebase.components:com.google.firebase.auth.FirebaseAuthRegistrar"
106-->[com.google.firebase:firebase-auth:21.0.6] AndroidManifest.xml:68:17-109
107                android:value="com.google.firebase.components.ComponentRegistrar" />
107-->[com.google.firebase:firebase-auth:21.0.6] AndroidManifest.xml:69:17-82
108            <meta-data
108-->[com.google.firebase:firebase-firestore:24.2.0] AndroidManifest.xml:20:13-22:85
109                android:name="com.google.firebase.components:com.google.firebase.firestore.FirestoreRegistrar"
109-->[com.google.firebase:firebase-firestore:24.2.0] AndroidManifest.xml:21:17-111
110                android:value="com.google.firebase.components.ComponentRegistrar" />
110-->[com.google.firebase:firebase-firestore:24.2.0] AndroidManifest.xml:22:17-82
111            <meta-data
111-->[com.google.android.gms:play-services-measurement-api:21.0.0] AndroidManifest.xml:31:13-33:85
112                android:name="com.google.firebase.components:com.google.firebase.analytics.connector.internal.AnalyticsConnectorRegistrar"
112-->[com.google.android.gms:play-services-measurement-api:21.0.0] AndroidManifest.xml:32:17-139
113                android:value="com.google.firebase.components.ComponentRegistrar" />
113-->[com.google.android.gms:play-services-measurement-api:21.0.0] AndroidManifest.xml:33:17-82
114            <meta-data
114-->[com.google.firebase:firebase-installations:17.0.1] AndroidManifest.xml:18:13-20:85
115                android:name="com.google.firebase.components:com.google.firebase.installations.FirebaseInstallationsRegistrar"
115-->[com.google.firebase:firebase-installations:17.0.1] AndroidManifest.xml:19:17-127
116                android:value="com.google.firebase.components.ComponentRegistrar" />
116-->[com.google.firebase:firebase-installations:17.0.1] AndroidManifest.xml:20:17-82
117        </service>
118
119        <uses-library
119-->[androidx.window:window:1.0.0-beta04] AndroidManifest.xml:25:9-27:40
120            android:name="androidx.window.extensions"
120-->[androidx.window:window:1.0.0-beta04] AndroidManifest.xml:26:13-54
121            android:required="false" />
121-->[androidx.window:window:1.0.0-beta04] AndroidManifest.xml:27:13-37
122        <uses-library
122-->[androidx.window:window:1.0.0-beta04] AndroidManifest.xml:28:9-30:40
123            android:name="androidx.window.sidecar"
123-->[androidx.window:window:1.0.0-beta04] AndroidManifest.xml:29:13-51
124            android:required="false" />
124-->[androidx.window:window:1.0.0-beta04] AndroidManifest.xml:30:13-37
125
126        <activity
126-->[com.google.firebase:firebase-auth:21.0.6] AndroidManifest.xml:27:9-44:20
127            android:name="com.google.firebase.auth.internal.GenericIdpActivity"
127-->[com.google.firebase:firebase-auth:21.0.6] AndroidManifest.xml:28:13-80
128            android:excludeFromRecents="true"
128-->[com.google.firebase:firebase-auth:21.0.6] AndroidManifest.xml:29:13-46
129            android:exported="true"
129-->[com.google.firebase:firebase-auth:21.0.6] AndroidManifest.xml:30:13-36
130            android:launchMode="singleTask"
130-->[com.google.firebase:firebase-auth:21.0.6] AndroidManifest.xml:31:13-44
131            android:theme="@android:style/Theme.Translucent.NoTitleBar" >
131-->[com.google.firebase:firebase-auth:21.0.6] AndroidManifest.xml:32:13-72
132            <intent-filter>
132-->[com.google.firebase:firebase-auth:21.0.6] AndroidManifest.xml:33:13-43:29
133                <action android:name="android.intent.action.VIEW" />
133-->[com.google.firebase:firebase-auth:21.0.6] AndroidManifest.xml:34:17-69
133-->[com.google.firebase:firebase-auth:21.0.6] AndroidManifest.xml:34:25-66
134
135                <category android:name="android.intent.category.DEFAULT" />
135-->[com.google.firebase:firebase-auth:21.0.6] AndroidManifest.xml:36:17-76
135-->[com.google.firebase:firebase-auth:21.0.6] AndroidManifest.xml:36:27-73
136                <category android:name="android.intent.category.BROWSABLE" />
136-->[com.google.firebase:firebase-auth:21.0.6] AndroidManifest.xml:37:17-78
136-->[com.google.firebase:firebase-auth:21.0.6] AndroidManifest.xml:37:27-75
137
138                <data
138-->[com.google.firebase:firebase-auth:21.0.6] AndroidManifest.xml:39:17-42:51
139                    android:host="firebase.auth"
139-->[com.google.firebase:firebase-auth:21.0.6] AndroidManifest.xml:40:21-49
140                    android:path="/"
140-->[com.google.firebase:firebase-auth:21.0.6] AndroidManifest.xml:41:21-37
141                    android:scheme="genericidp" />
141-->[com.google.firebase:firebase-auth:21.0.6] AndroidManifest.xml:42:21-48
142            </intent-filter>
143        </activity>
144        <activity
144-->[com.google.firebase:firebase-auth:21.0.6] AndroidManifest.xml:45:9-62:20
145            android:name="com.google.firebase.auth.internal.RecaptchaActivity"
145-->[com.google.firebase:firebase-auth:21.0.6] AndroidManifest.xml:46:13-79
146            android:excludeFromRecents="true"
146-->[com.google.firebase:firebase-auth:21.0.6] AndroidManifest.xml:47:13-46
147            android:exported="true"
147-->[com.google.firebase:firebase-auth:21.0.6] AndroidManifest.xml:48:13-36
148            android:launchMode="singleTask"
148-->[com.google.firebase:firebase-auth:21.0.6] AndroidManifest.xml:49:13-44
149            android:theme="@android:style/Theme.Translucent.NoTitleBar" >
149-->[com.google.firebase:firebase-auth:21.0.6] AndroidManifest.xml:50:13-72
150            <intent-filter>
150-->[com.google.firebase:firebase-auth:21.0.6] AndroidManifest.xml:51:13-61:29
151                <action android:name="android.intent.action.VIEW" />
151-->[com.google.firebase:firebase-auth:21.0.6] AndroidManifest.xml:34:17-69
151-->[com.google.firebase:firebase-auth:21.0.6] AndroidManifest.xml:34:25-66
152
153                <category android:name="android.intent.category.DEFAULT" />
153-->[com.google.firebase:firebase-auth:21.0.6] AndroidManifest.xml:36:17-76
153-->[com.google.firebase:firebase-auth:21.0.6] AndroidManifest.xml:36:27-73
154                <category android:name="android.intent.category.BROWSABLE" />
154-->[com.google.firebase:firebase-auth:21.0.6] AndroidManifest.xml:37:17-78
154-->[com.google.firebase:firebase-auth:21.0.6] AndroidManifest.xml:37:27-75
155
156                <data
156-->[com.google.firebase:firebase-auth:21.0.6] AndroidManifest.xml:39:17-42:51
157                    android:host="firebase.auth"
157-->[com.google.firebase:firebase-auth:21.0.6] AndroidManifest.xml:40:21-49
158                    android:path="/"
158-->[com.google.firebase:firebase-auth:21.0.6] AndroidManifest.xml:41:21-37
159                    android:scheme="recaptcha" />
159-->[com.google.firebase:firebase-auth:21.0.6] AndroidManifest.xml:42:21-48
160            </intent-filter>
161        </activity>
162
163        <provider
163-->[com.google.firebase:firebase-common:20.1.1] AndroidManifest.xml:26:9-31:39
164            android:name="com.google.firebase.provider.FirebaseInitProvider"
164-->[com.google.firebase:firebase-common:20.1.1] AndroidManifest.xml:27:13-77
165            android:authorities="com.example.tvnet.firebaseinitprovider"
165-->[com.google.firebase:firebase-common:20.1.1] AndroidManifest.xml:28:13-72
166            android:directBootAware="true"
166-->[com.google.firebase:firebase-common:20.1.1] AndroidManifest.xml:29:13-43
167            android:exported="false"
167-->[com.google.firebase:firebase-common:20.1.1] AndroidManifest.xml:30:13-37
168            android:initOrder="100" />
168-->[com.google.firebase:firebase-common:20.1.1] AndroidManifest.xml:31:13-36
169
170        <receiver
170-->[com.google.android.gms:play-services-measurement:21.0.0] AndroidManifest.xml:29:9-33:20
171            android:name="com.google.android.gms.measurement.AppMeasurementReceiver"
171-->[com.google.android.gms:play-services-measurement:21.0.0] AndroidManifest.xml:30:13-85
172            android:enabled="true"
172-->[com.google.android.gms:play-services-measurement:21.0.0] AndroidManifest.xml:31:13-35
173            android:exported="false" >
173-->[com.google.android.gms:play-services-measurement:21.0.0] AndroidManifest.xml:32:13-37
174        </receiver>
175
176        <service
176-->[com.google.android.gms:play-services-measurement:21.0.0] AndroidManifest.xml:35:9-38:40
177            android:name="com.google.android.gms.measurement.AppMeasurementService"
177-->[com.google.android.gms:play-services-measurement:21.0.0] AndroidManifest.xml:36:13-84
178            android:enabled="true"
178-->[com.google.android.gms:play-services-measurement:21.0.0] AndroidManifest.xml:37:13-35
179            android:exported="false" />
179-->[com.google.android.gms:play-services-measurement:21.0.0] AndroidManifest.xml:38:13-37
180        <service
180-->[com.google.android.gms:play-services-measurement:21.0.0] AndroidManifest.xml:39:9-43:72
181            android:name="com.google.android.gms.measurement.AppMeasurementJobService"
181-->[com.google.android.gms:play-services-measurement:21.0.0] AndroidManifest.xml:40:13-87
182            android:enabled="true"
182-->[com.google.android.gms:play-services-measurement:21.0.0] AndroidManifest.xml:41:13-35
183            android:exported="false"
183-->[com.google.android.gms:play-services-measurement:21.0.0] AndroidManifest.xml:42:13-37
184            android:permission="android.permission.BIND_JOB_SERVICE" />
184-->[com.google.android.gms:play-services-measurement:21.0.0] AndroidManifest.xml:43:13-69
185
186        <receiver
186-->[com.razorpay:checkout:1.6.19] AndroidManifest.xml:40:9-46:20
187            android:name="com.razorpay.RzpTokenReceiver"
187-->[com.razorpay:checkout:1.6.19] AndroidManifest.xml:41:13-57
188            android:exported="false" >
188-->[com.razorpay:checkout:1.6.19] AndroidManifest.xml:42:13-37
189            <intent-filter>
189-->[com.razorpay:checkout:1.6.19] AndroidManifest.xml:43:13-45:29
190                <action android:name="rzp.device_token.share" />
190-->[com.razorpay:checkout:1.6.19] AndroidManifest.xml:44:17-65
190-->[com.razorpay:checkout:1.6.19] AndroidManifest.xml:44:25-62
191            </intent-filter>
192        </receiver>
193
194        <activity
194-->[com.razorpay:checkout:1.6.19] AndroidManifest.xml:48:9-60:20
195            android:name="com.razorpay.CheckoutActivity"
195-->[com.razorpay:checkout:1.6.19] AndroidManifest.xml:49:13-57
196            android:configChanges="keyboard|keyboardHidden|orientation|screenSize"
196-->[com.razorpay:checkout:1.6.19] AndroidManifest.xml:50:13-83
197            android:exported="true"
197-->[com.razorpay:checkout:1.6.19] AndroidManifest.xml:51:13-36
198            android:theme="@style/CheckoutTheme" >
198-->[com.razorpay:checkout:1.6.19] AndroidManifest.xml:52:13-49
199            <intent-filter>
199-->[com.razorpay:checkout:1.6.19] AndroidManifest.xml:53:13-59:29
200                <action android:name="android.intent.action.MAIN" />
200-->[com.razorpay:checkout:1.6.19] AndroidManifest.xml:30:13-65
200-->[com.razorpay:checkout:1.6.19] AndroidManifest.xml:30:21-62
201
202                <data
202-->[com.google.firebase:firebase-auth:21.0.6] AndroidManifest.xml:39:17-42:51
203                    android:host="rzp.io"
203-->[com.google.firebase:firebase-auth:21.0.6] AndroidManifest.xml:40:21-49
204                    android:scheme="io.rzp" />
204-->[com.google.firebase:firebase-auth:21.0.6] AndroidManifest.xml:42:21-48
205            </intent-filter>
206        </activity>
207
208        <meta-data
208-->[com.razorpay:checkout:1.6.19] AndroidManifest.xml:62:9-64:58
209            android:name="com.razorpay.plugin.googlepay_all"
209-->[com.razorpay:checkout:1.6.19] AndroidManifest.xml:63:13-61
210            android:value="com.razorpay.RzpGpayMerged" />
210-->[com.razorpay:checkout:1.6.19] AndroidManifest.xml:64:13-55
211
212        <activity
212-->[com.google.android.gms:play-services-auth:17.0.0] AndroidManifest.xml:23:9-27:75
213            android:name="com.google.android.gms.auth.api.signin.internal.SignInHubActivity"
213-->[com.google.android.gms:play-services-auth:17.0.0] AndroidManifest.xml:24:13-93
214            android:excludeFromRecents="true"
214-->[com.google.android.gms:play-services-auth:17.0.0] AndroidManifest.xml:25:13-46
215            android:exported="false"
215-->[com.google.android.gms:play-services-auth:17.0.0] AndroidManifest.xml:26:13-37
216            android:theme="@android:style/Theme.Translucent.NoTitleBar" />
216-->[com.google.android.gms:play-services-auth:17.0.0] AndroidManifest.xml:27:13-72
217        <!--
218            Service handling Google Sign-In user revocation. For apps that do not integrate with
219            Google Sign-In, this service will never be started.
220        -->
221        <service
221-->[com.google.android.gms:play-services-auth:17.0.0] AndroidManifest.xml:33:9-36:110
222            android:name="com.google.android.gms.auth.api.signin.RevocationBoundService"
222-->[com.google.android.gms:play-services-auth:17.0.0] AndroidManifest.xml:34:13-89
223            android:exported="true"
223-->[com.google.android.gms:play-services-auth:17.0.0] AndroidManifest.xml:35:13-36
224            android:permission="com.google.android.gms.auth.api.signin.permission.REVOCATION_NOTIFICATION" /> <!-- Needs to be explicitly declared on P+ -->
224-->[com.google.android.gms:play-services-auth:17.0.0] AndroidManifest.xml:36:13-107
225        <uses-library
225-->[com.google.android.gms:play-services-maps:17.0.0] AndroidManifest.xml:33:9-35:40
226            android:name="org.apache.http.legacy"
226-->[com.google.android.gms:play-services-maps:17.0.0] AndroidManifest.xml:34:13-50
227            android:required="false" />
227-->[com.google.android.gms:play-services-maps:17.0.0] AndroidManifest.xml:35:13-37
228
229        <activity
229-->[com.google.android.gms:play-services-base:18.0.1] AndroidManifest.xml:20:9-22:45
230            android:name="com.google.android.gms.common.api.GoogleApiActivity"
230-->[com.google.android.gms:play-services-base:18.0.1] AndroidManifest.xml:20:19-85
231            android:exported="false"
231-->[com.google.android.gms:play-services-base:18.0.1] AndroidManifest.xml:22:19-43
232            android:theme="@android:style/Theme.Translucent.NoTitleBar" />
232-->[com.google.android.gms:play-services-base:18.0.1] AndroidManifest.xml:21:19-78
233
234        <meta-data
234-->[com.google.android.gms:play-services-basement:18.0.0] AndroidManifest.xml:21:9-23:69
235            android:name="com.google.android.gms.version"
235-->[com.google.android.gms:play-services-basement:18.0.0] AndroidManifest.xml:22:13-58
236            android:value="@integer/google_play_services_version" />
236-->[com.google.android.gms:play-services-basement:18.0.0] AndroidManifest.xml:23:13-66
237    </application>
238
239</manifest>